<?xml version="1.0" encoding="UTF-8"?>
<!-- Generated by org.testng.reporters.JUnitXMLReporter -->
<testsuite ignored="0" hostname="abhi-PC" failures="0" tests="2" name="Asus Device1" time="33.893" errors="0" timestamp="25 Apr 2020 13:10:55 GMT">
  <testcase classname="com.automation.tests.UserProfilePageTest" name="validateUserNameOnProfilePageTest" time="8.099"/>
  <testcase classname="com.automation.tests.Top50PageTest" name="scrollOnTop50TabAndClickFromListTest" time="3.085"/>
</testsuite> <!-- Asus Device1 -->
