<?xml version="1.0" encoding="UTF-8"?>
<!-- Generated by org.testng.reporters.JUnitXMLReporter -->
<testsuite hostname="workstation" ignored="0" name="Xiaomi" tests="3" failures="2" timestamp="23 Jun 2020 08:21:13 GMT" time="89.549" errors="0">
  <testcase name="testmethod" time="0.102" classname="com.automation.tests.HomePageTest">
    <failure type="java.lang.NullPointerException">
      <![CDATA[java.lang.NullPointerException
	at com.automation.tests.HomePageTest.testmethod(HomePageTest.java:77)
	at java.util.concurrent.FutureTask.run(FutureTask.java:266)
	at java.util.concurrent.ThreadPoolExecutor.runWorker(ThreadPoolExecutor.java:1149)
	at java.util.concurrent.ThreadPoolExecutor$Worker.run(ThreadPoolExecutor.java:624)
	at java.lang.Thread.run(Thread.java:748)
... Removed 16 stack frames]]>
    </failure>
  </testcase> <!-- testmethod -->
  <testcase name="swipeToNxtVideoTest" time="0.002" classname="com.automation.tests.HomePageTest">
    <failure type="java.lang.NullPointerException">
      <![CDATA[java.lang.NullPointerException
	at com.automation.tests.HomePageTest.swipeToNxtVideoTest(HomePageTest.java:91)
	at java.util.concurrent.FutureTask.run(FutureTask.java:266)
	at java.util.concurrent.ThreadPoolExecutor.runWorker(ThreadPoolExecutor.java:1149)
	at java.util.concurrent.ThreadPoolExecutor$Worker.run(ThreadPoolExecutor.java:624)
	at java.lang.Thread.run(Thread.java:748)
... Removed 16 stack frames]]>
    </failure>
  </testcase> <!-- swipeToNxtVideoTest -->
  <testcase name="clickOnPrivacyPolicy" time="15.399" classname="com.automation.tests.HomePageTest"/>
</testsuite> <!-- Xiaomi -->
