<?xml version="1.0" encoding="UTF-8"?>
<!-- Generated by org.testng.reporters.JUnitXMLReporter -->
<testsuite ignored="0" hostname="abhi-PC" failures="0" tests="1" name="Yovo Automation Test Cases" time="13.51" errors="0" timestamp="07 Apr 2020 11:22:47 GMT">
  <testcase classname="com.automation.base.BaseClass" name="@AfterTest tearDown" time="0.005">
    <failure type="java.lang.NullPointerException">
      <![CDATA[java.lang.NullPointerException
	at com.automation.base.BaseClass.tearDown(BaseClass.java:48)
... Removed 23 stack frames]]>
    </failure>
  </testcase> <!-- @AfterTest tearDown -->
  <testcase classname="com.automation.base.BaseClass" name="sampleTest" time="5.02"/>
</testsuite> <!-- Yovo Automation Test Cases -->
