<?xml version="1.0" encoding="UTF-8"?>
<!-- Generated by org.testng.reporters.JUnitXMLReporter -->
<testsuite hostname="workstation" ignored="0" name="Asus Max Pro" tests="2" failures="0" timestamp="30 Jun 2020 09:53:55 GMT" time="11.941" errors="0">
  <testcase name="@BeforeMethod prepareTest" time="11.598" classname="com.automation.tests.HomePageTest">
    <failure type="org.openqa.selenium.WebDriverException" message="An unknown server-side error occurred while processing the command. Original error: Unable to stop the background screen recording: Error executing adbExec. Original error: &amp;apos;Command &amp;apos;/home/maverick/Android/Sdk/platform-tools/adb -P 5037 -s J7AAGF009641EL4 shell kill -15 14000&amp;apos; exited with code 1&amp;apos;; Stderr: &amp;apos;/system/bin/sh: kill: 14000: Operation not permitted&amp;apos;; Code: &amp;apos;1&amp;apos;
Build info: version: &amp;apos;3.14.0&amp;apos;, revision: &amp;apos;aacccce0&amp;apos;, time: &amp;apos;2018-08-02T20:19:58.91Z&amp;apos;
System info: host: &amp;apos;workstation&amp;apos;, ip: &amp;apos;127.0.1.1&amp;apos;, os.name: &amp;apos;Linux&amp;apos;, os.arch: &amp;apos;amd64&amp;apos;, os.version: &amp;apos;4.15.0-106-generic&amp;apos;, java.version: &amp;apos;1.8.0_181&amp;apos;
Driver info: io.appium.java_client.android.AndroidDriver
Capabilities {app: /home/maverick/git/YovoAndr..., appPackage: com.getyovo, autoAcceptAlerts: true, autoGrantPermissions: true, automationName: uiautomator2, databaseEnabled: false, desired: {app: /home/maverick/git/YovoAndr..., autoAcceptAlerts: true, autoGrantPermissions: true, automationName: uiautomator2, deviceName: Asus    Max Pro, newCommandTimeout: 15, platformName: android, skipUnlock: true, udid: J7AAGF009641EL4}, deviceApiLevel: 28, deviceManufacturer: asus, deviceModel: ASUS_X00TD, deviceName: J7AAGF009641EL4, deviceScreenDensity: 480, deviceScreenSize: 1080x2160, deviceUDID: J7AAGF009641EL4, javascriptEnabled: true, locationContextEnabled: false, networkConnectionEnabled: true, newCommandTimeout: 15, pixelRatio: 3, platform: LINUX, platformName: Android, platformVersion: 9, skipUnlock: true, statBarHeight: 81, takesScreenshot: true, udid: J7AAGF009641EL4, viewportRect: {height: 1947, left: 0, top: 81, width: 1080}, warnings: {}, webStorageEnabled: false}
Session ID: fd1a09f8-b5ce-4021-8027-12dc5be736a5">
      <![CDATA[org.openqa.selenium.WebDriverException: An unknown server-side error occurred while processing the command. Original error: Unable to stop the background screen recording: Error executing adbExec. Original error: 'Command '/home/maverick/Android/Sdk/platform-tools/adb -P 5037 -s J7AAGF009641EL4 shell kill -15 14000' exited with code 1'; Stderr: '/system/bin/sh: kill: 14000: Operation not permitted'; Code: '1'
Build info: version: '3.14.0', revision: 'aacccce0', time: '2018-08-02T20:19:58.91Z'
System info: host: 'workstation', ip: '127.0.1.1', os.name: 'Linux', os.arch: 'amd64', os.version: '4.15.0-106-generic', java.version: '1.8.0_181'
Driver info: io.appium.java_client.android.AndroidDriver
Capabilities {app: /home/maverick/git/YovoAndr..., appPackage: com.getyovo, autoAcceptAlerts: true, autoGrantPermissions: true, automationName: uiautomator2, databaseEnabled: false, desired: {app: /home/maverick/git/YovoAndr..., autoAcceptAlerts: true, autoGrantPermissions: true, automationName: uiautomator2, deviceName: Asus    Max Pro, newCommandTimeout: 15, platformName: android, skipUnlock: true, udid: J7AAGF009641EL4}, deviceApiLevel: 28, deviceManufacturer: asus, deviceModel: ASUS_X00TD, deviceName: J7AAGF009641EL4, deviceScreenDensity: 480, deviceScreenSize: 1080x2160, deviceUDID: J7AAGF009641EL4, javascriptEnabled: true, locationContextEnabled: false, networkConnectionEnabled: true, newCommandTimeout: 15, pixelRatio: 3, platform: LINUX, platformName: Android, platformVersion: 9, skipUnlock: true, statBarHeight: 81, takesScreenshot: true, udid: J7AAGF009641EL4, viewportRect: {height: 1947, left: 0, top: 81, width: 1080}, warnings: {}, webStorageEnabled: false}
Session ID: fd1a09f8-b5ce-4021-8027-12dc5be736a5
	at org.openqa.selenium.remote.http.W3CHttpResponseCodec.createException(W3CHttpResponseCodec.java:187)
	at org.openqa.selenium.remote.http.W3CHttpResponseCodec.decode(W3CHttpResponseCodec.java:122)
	at org.openqa.selenium.remote.http.W3CHttpResponseCodec.decode(W3CHttpResponseCodec.java:49)
	at org.openqa.selenium.remote.HttpCommandExecutor.execute(HttpCommandExecutor.java:158)
	at io.appium.java_client.remote.AppiumCommandExecutor.execute(AppiumCommandExecutor.java:239)
	at org.openqa.selenium.remote.RemoteWebDriver.execute(RemoteWebDriver.java:548)
	at io.appium.java_client.DefaultGenericMobileDriver.execute(DefaultGenericMobileDriver.java:46)
	at io.appium.java_client.AppiumDriver.execute(AppiumDriver.java:1)
	at io.appium.java_client.android.AndroidDriver.execute(AndroidDriver.java:1)
	at io.appium.java_client.screenrecording.CanRecordScreen.startRecordingScreen(CanRecordScreen.java:47)
	at com.automation.util.TestUtil.startRecordingVideo(TestUtil.java:284)
	at com.automation.tests.HomePageTest.prepareTest(HomePageTest.java:67)
	at java.util.concurrent.FutureTask.run(FutureTask.java:266)
	at java.util.concurrent.ThreadPoolExecutor.runWorker(ThreadPoolExecutor.java:1149)
	at java.util.concurrent.ThreadPoolExecutor$Worker.run(ThreadPoolExecutor.java:624)
	at java.lang.Thread.run(Thread.java:748)
... Removed 22 stack frames]]>
    </failure>
  </testcase> <!-- @BeforeMethod prepareTest -->
  <testcase name="@BeforeMethod prepareTest" time="0.0" classname="com.automation.tests.HomePageTest">
    <skipped/>
  </testcase> <!-- @BeforeMethod prepareTest -->
  <testcase name="testmethod" time="0.0" classname="com.automation.tests.HomePageTest">
    <skipped/>
  </testcase> <!-- testmethod -->
  <testcase name="swipeToNxtVideoTest" time="0.0" classname="com.automation.tests.HomePageTest">
    <skipped/>
  </testcase> <!-- swipeToNxtVideoTest -->
</testsuite> <!-- Asus Max Pro -->
