<?xml version="1.0" encoding="UTF-8"?>
<!-- Generated by org.testng.reporters.JUnitXMLReporter -->
<testsuite hostname="workstation" ignored="0" name="Asus max pro m1" tests="5" failures="1" timestamp="20 Jul 2020 10:56:17 GMT" time="80.008" errors="0">
  <testcase name="validateHelloWorldTxt" time="1.278" classname="com.automation.tests.CICDTest"/>
  <testcase name="validateCICDPipeLineTxt" time="2.559" classname="com.automation.tests.CICDTest">
    <skipped/>
  </testcase> <!-- validateCICDPipeLineTxt -->
  <testcase name="validateCICDPipeLineTxt" time="1.341" classname="com.automation.tests.CICDTest">
    <skipped/>
  </testcase> <!-- validateCICDPipeLineTxt -->
  <testcase name="validateCICDPipeLineTxt" time="1.392" classname="com.automation.tests.CICDTest">
    <skipped/>
  </testcase> <!-- validateCICDPipeLineTxt -->
  <testcase name="validateCICDPipeLineTxt" time="1.539" classname="com.automation.tests.CICDTest">
    <failure type="org.openqa.selenium.NoSuchElementException" message="Can&amp;apos;t locate an element by this strategy: By.chained({By.xpath: //*[@class=&amp;apos;android.widget.TextView&amp;apos;and @text=&amp;apos;CICDPipeLine1&amp;apos;]})">
      <![CDATA[org.openqa.selenium.NoSuchElementException: Can't locate an element by this strategy: By.chained({By.xpath: //*[@class='android.widget.TextView'and @text='CICDPipeLine1']})
	at io.appium.java_client.pagefactory.AppiumElementLocator.findElement(AppiumElementLocator.java:126)
	at io.appium.java_client.pagefactory.interceptors.InterceptorOfASingleElement.intercept(InterceptorOfASingleElement.java:59)
	at io.appium.java_client.android.AndroidElement$$EnhancerByCGLIB$$b598166c.getText(<generated>)
	at com.automation.pages.CICDPage.verifyCICDPipeLineTxt(CICDPage.java:27)
	at com.automation.tests.CICDTest.validateCICDPipeLineTxt(CICDTest.java:46)
	at java.util.concurrent.FutureTask.run(FutureTask.java:266)
	at java.util.concurrent.ThreadPoolExecutor.runWorker(ThreadPoolExecutor.java:1149)
	at java.util.concurrent.ThreadPoolExecutor$Worker.run(ThreadPoolExecutor.java:624)
	at java.lang.Thread.run(Thread.java:748)
Caused by: org.openqa.selenium.TimeoutException: Expected condition failed: waiting for io.appium.java_client.pagefactory.AppiumElementLocator$WaitingFunction@508a6f18 (tried for 1 second(s) with 500 milliseconds interval)
	at org.openqa.selenium.support.ui.FluentWait.timeoutException(FluentWait.java:315)
	at org.openqa.selenium.support.ui.FluentWait.until(FluentWait.java:283)
	at io.appium.java_client.pagefactory.AppiumElementLocator.waitFor(AppiumElementLocator.java:99)
	at io.appium.java_client.pagefactory.AppiumElementLocator.findElement(AppiumElementLocator.java:119)
	... 24 more
Caused by: org.openqa.selenium.NoSuchElementException: Cannot locate an element using By.chained({By.xpath: //*[@class='android.widget.TextView'and @text='CICDPipeLine1']})
For documentation on this error, please visit: http://seleniumhq.org/exceptions/no_such_element.html
Build info: version: '3.14.0', revision: 'aacccce0', time: '2018-08-02T20:19:58.91Z'
System info: host: 'workstation', ip: '127.0.1.1', os.name: 'Linux', os.arch: 'amd64', os.version: '4.15.0-111-generic', java.version: '1.8.0_181'
Driver info: driver.version: AndroidDriver
	at io.appium.java_client.pagefactory.bys.builder.ByChained.findElement(ByChained.java:74)
	at org.openqa.selenium.remote.RemoteWebDriver.findElement(RemoteWebDriver.java:314)
	at io.appium.java_client.DefaultGenericMobileDriver.findElement(DefaultGenericMobileDriver.java:58)
	at io.appium.java_client.AppiumDriver.findElement(AppiumDriver.java:1)
	at io.appium.java_client.android.AndroidDriver.findElement(AndroidDriver.java:1)
	at io.appium.java_client.pagefactory.bys.ContentMappedBy.findElement(ContentMappedBy.java:50)
	at org.openqa.selenium.remote.RemoteWebDriver.findElement(RemoteWebDriver.java:314)
	at io.appium.java_client.DefaultGenericMobileDriver.findElement(DefaultGenericMobileDriver.java:58)
	at io.appium.java_client.AppiumDriver.findElement(AppiumDriver.java:1)
	at io.appium.java_client.android.AndroidDriver.findElement(AndroidDriver.java:1)
	at io.appium.java_client.pagefactory.AppiumElementLocator.lambda$0(AppiumElementLocator.java:120)
	at io.appium.java_client.pagefactory.AppiumElementLocator$WaitingFunction.apply(AppiumElementLocator.java:172)
	at io.appium.java_client.pagefactory.AppiumElementLocator$WaitingFunction.apply(AppiumElementLocator.java:1)
	at org.openqa.selenium.support.ui.FluentWait.until(FluentWait.java:260)
	... 26 more
... Removed 16 stack frames]]>
    </failure>
  </testcase> <!-- validateCICDPipeLineTxt -->
</testsuite> <!-- Asus max pro m1 -->
