<?xml version="1.0" encoding="UTF-8"?>
<testng-results skipped="0" failed="0" ignored="0" total="1" passed="1">
  <reporter-output>
  </reporter-output>
  <suite name="Suite" duration-ms="27195" started-at="2020-07-01T16:37:00Z" finished-at="2020-07-01T16:37:27Z">
    <groups>
    </groups>
    <test name="Asus max pro m1" duration-ms="27195" started-at="2020-07-01T16:37:00Z" finished-at="2020-07-01T16:37:27Z">
      <class name="com.automation.tests.QuizuTest">
        <test-method status="PASS" signature="setUpQuizuPageClass(java.lang.String, java.lang.String, java.lang.String)[pri:0, instance:com.automation.tests.QuizuTest@1a2e2935]" name="setUpQuizuPageClass" is-config="true" duration-ms="24332" started-at="2020-07-01T22:07:00Z" finished-at="2020-07-01T22:07:24Z">
          <params>
            <param index="0">
              <value>
                <![CDATA[http://0.0.0.0:4723/wd/hub]]>
              </value>
            </param>
            <param index="1">
              <value>
                <![CDATA[Android]]>
              </value>
            </param>
            <param index="2">
              <value>
                <![CDATA[Asus]]>
              </value>
            </param>
          </params>
          <reporter-output>
          </reporter-output>
        </test-method> <!-- setUpQuizuPageClass -->
        <test-method status="PASS" signature="testmethod()[pri:1, instance:com.automation.tests.QuizuTest@1a2e2935]" name="testmethod" duration-ms="2257" started-at="2020-07-01T22:07:24Z" finished-at="2020-07-01T22:07:26Z">
          <reporter-output>
          </reporter-output>
        </test-method> <!-- testmethod -->
        <test-method status="PASS" signature="quitDriver()[pri:0, instance:com.automation.tests.QuizuTest@1a2e2935]" name="quitDriver" is-config="true" duration-ms="390" started-at="2020-07-01T22:07:26Z" finished-at="2020-07-01T22:07:27Z">
          <reporter-output>
          </reporter-output>
        </test-method> <!-- quitDriver -->
      </class> <!-- com.automation.tests.QuizuTest -->
    </test> <!-- Asus max pro m1 -->
  </suite> <!-- Suite -->
</testng-results>
